   1.00000000     1.00000000     0.01500000     0.29870130     3.68637185     7.30550707    -6.35297573  -343.26261866   8.881784E-16
   1.00730551     0.99364702     0.01500000     0.29849133     4.41212548    -4.09398401     4.57393643  -361.27169419   7.327472E-15
   1.00321152     0.99822096     0.01500000     0.29845197     3.93645074     3.50680417    -2.71125432  -350.07210429   1.088019E-14
   1.00671833     0.99550971     0.01500000     0.29841547     4.27536071    -1.82339120     2.39611841  -358.26151822   9.103829E-15
   1.00489494     0.99790582     0.01500000     0.29840284     4.04551004     1.85010016    -1.12513294  -352.83559650   2.620340E-10
   1.00674504     0.99678069     0.01500000     0.29839363     4.21018236    -0.72945607     1.34592452  -356.78140241   1.075706E-10
   1.00601558     0.99812662     0.01500000     0.29838885     4.09845526     1.06488708    -0.37452043  -354.14227921   1.571432E-11
   1.00708047     0.99775210     0.01500000     0.29838518     4.17966763    -0.19489591     0.83175005  -356.08317030   7.525536E-12
   1.00688557     0.99858385     0.01500000     0.29838247     4.12560144     0.68448804    -0.01190017  -354.80869264   3.170131E-12
   1.00757006     0.99857195     0.01500000     0.29838004     4.16621877     0.06676318     0.57908635  -355.78029224   2.369438E-12
   1.00763682     0.99915103     0.01500000     0.29837785     4.14041209     0.49849024     0.16441747  -355.17553886   1.743050E-12
   1.00813531     0.99931545     0.01500000     0.29837573     4.16116977     0.19471530     0.45455269  -355.67446893   1.578959E-12
   1.00833003     0.99977000     0.01500000     0.29837367     4.14923778     0.40692693     0.25024072  -355.39858903   1.478151E-12
   1.00873695     1.00002024     0.01500000     0.29837163     4.16024823     0.25710649     0.39284768  -355.66598524   1.419309E-12
   1.00899406     1.00041309     0.01500000     0.29836962     4.15513840     0.36148221     0.29187263  -355.55172278   1.364242E-12
   1.00935554     1.00070496     0.01500000     0.29836761     4.16135273     0.28732578     0.36197567  -355.70534097   1.415756E-12
   1.00964287     1.00106694     0.01500000     0.29836561     4.15960208     0.33863429     0.31185433  -355.67057466   1.326272E-12
   1.00998150     1.00137879     0.01500000     0.29836362     4.16345075     0.30173913     0.34625364  -355.76811792   1.388445E-12
   1.01028324     1.00172505     0.01500000     0.29836164     4.16335617     0.32688608     0.32120337  -355.77248263   1.363132E-12
   1.01061013     1.00204625     0.01500000     0.29835967     4.16603488     0.30837588     0.33798736  -355.84229929   1.356248E-12
   1.01091850     1.00238424     0.01500000     0.29835770     4.16675736     0.32060226     0.32531991  -355.86592564   1.339373E-12
   1.01123911     1.00270956     0.01500000     0.29835573     4.16885553     0.31118057     0.33339691  -355.92197309   1.318723E-12
   1.01155029     1.00304295     0.01500000     0.29835378     4.16998101     0.31701440     0.32685686  -355.95506451   1.277645E-12
   1.01186730     1.00336981     0.01500000     0.29835182     4.17178973     0.31209413     0.33062240  -356.00422854   1.296296E-12
   1.01217940     1.00370043     0.01500000     0.29834988     4.17311351     0.31475964     0.32712018  -356.04194655   1.289857E-12
   1.01249416     1.00402755     0.01500000     0.29834794     4.17477682     0.31207321     0.32874712  -356.08763080   1.284306E-12
   1.01280623     1.00435630     0.01500000     0.29834601     4.17619751     0.31316580     0.32675399  -356.12758148   1.256772E-12
   1.01311939     1.00468306     0.01500000     0.29834408     4.17778681     0.31159018     0.32731845  -356.17147158   1.215694E-12
   1.01343099     1.00501037     0.01500000     0.29834216     4.17925409     0.31190070     0.32607660  -356.21246841   1.262768E-12
   1.01374289     1.00533645     0.01500000     0.29834025     4.18080484     0.31087869     0.32611249  -356.25540076   1.255218E-12
   1.01405376     1.00566256     0.01500000     0.29833834     4.18229371     0.31079990     0.32524558  -356.29685471   1.223022E-12
   1.01436456     1.00598781     0.01500000     0.29833644     4.18382355     0.31005454     0.32501830  -356.33924515   1.286971E-12
   1.01467462     1.00631283     0.01500000     0.29833454     4.18532155     0.30978183     0.32433911  -356.38086328   1.214140E-12
   1.01498440     1.00663717     0.01500000     0.29833265     4.18683928     0.30917520     0.32398081  -356.42291901   1.174838E-12
   1.01529358     1.00696115     0.01500000     0.29833077     4.18834019     0.30880596     0.32339601  -356.46455549   1.173728E-12
   1.01560238     1.00728454     0.01500000     0.29832889     4.18985019     0.30826927     0.32297261  -356.50638000   1.178613E-12
   1.01591065     1.00760752     0.01500000     0.29832702     4.19135091     0.30785214     0.32243561  -356.54796213   1.170397E-12
   1.01621850     1.00792995     0.01500000     0.29832515     4.19285538     0.30735099     0.32198007  -356.58960726   1.159739E-12
   1.01652585     1.00825193     0.01500000     0.29832329     4.19435435     0.30691029     0.32146757  -356.63109883   1.138645E-12
   1.01683276     1.00857340     0.01500000     0.29832144     4.19585439     0.30642748     0.32099638  -356.67259068   1.086242E-12
   1.01713919     1.00889439     0.01500000     0.29831959     4.19735082     0.30597539     0.32049670  -356.71397366   1.147971E-12
   1.01744517     1.00921489     0.01500000     0.29831775     4.19884698     0.30550228     0.32001813  -356.75532544   1.123546E-12
   1.01775067     1.00953491     0.01500000     0.29831591     4.20034049     0.30504493     0.31952541  -356.79659093   1.095790E-12
   1.01805571     1.00985443     0.01500000     0.29831408     4.20183304     0.30457719     0.31904361  -356.83780942   1.137535E-12
   1.01836029     1.01017348     0.01500000     0.29831225     4.20332343     0.30411766     0.31855491  -356.87895307   1.125766E-12
   1.01866441     1.01049203     0.01500000     0.29831044     4.20481251     0.30365310     0.31807199  -356.92004181   1.110001E-12
   1.01896806     1.01081011     0.01500000     0.29830862     4.20629967     0.30319293     0.31758581  -356.96106156   1.098455E-12
   1.01927126     1.01112769     0.01500000     0.29830682     4.20778535     0.30273045     0.31710282  -357.00202247   1.092682E-12
   1.01957399     1.01144479     0.01500000     0.29830501     4.20926924     0.30227044     0.31661842  -357.04291742   1.068479E-12
   1.01987626     1.01176141     0.01500000     0.29830322     4.21075156     0.30180949     0.31613589  -357.08375160   1.039169E-12
   1.02017807     1.01207755     0.01500000     0.29830143     4.21223214     0.30135003     0.31565289  -357.12452143   1.047606E-12
   1.02047942     1.01239320     0.01500000     0.29829964     4.21371110     0.30089032     0.31517109  -357.16522957   1.048939E-12
   1.02078031     1.01270837     0.01500000     0.29829786     4.21518837     0.30043161     0.31468931  -357.20587423   1.024958E-12
   1.02108074     1.01302306     0.01500000     0.29829609     4.21666399     0.29997301     0.31420838  -357.24645682   1.031397E-12
   1.02138071     1.01333727     0.01500000     0.29829432     4.21813793     0.29951515     0.31372771  -357.28697644   9.749979E-13
   1.02168023     1.01365100     0.01500000     0.29829256     4.21961022     0.29905758     0.31324772  -357.32743385   1.009193E-12
   1.02197928     1.01396425     0.01500000     0.29829081     4.22108082     0.29860063     0.31276812  -357.36782862   1.048717E-12
   1.02227788     1.01427701     0.01500000     0.29828906     4.22254977     0.29814406     0.31228911  -357.40816117   9.880985E-13
   1.02257603     1.01458930     0.01500000     0.29828731     4.22401704     0.29768804     0.31181054  -357.44843132   1.030287E-12
   1.02287372     1.01490111     0.01500000     0.29828557     4.22548265     0.29723245     0.31133253  -357.48863932   1.003198E-12
   1.02317095     1.01521245     0.01500000     0.29828384     4.22694659     0.29677737     0.31085500  -357.52878510   9.356960E-13
   1.02346773     1.01552330     0.01500000     0.29828211     4.22840886     0.29632275     0.31037799  -357.56886882   9.456880E-13
   1.02376405     1.01583368     0.01500000     0.29828039     4.22986946     0.29586863     0.30990148  -357.60889049   9.627854E-13
   1.02405992     1.01614358     0.01500000     0.29827867     4.23132839     0.29541498     0.30942549  -357.64885022   9.452439E-13
   1.02435533     1.01645301     0.01500000     0.29827696     4.23278565     0.29496182     0.30894999  -357.68874804   9.361401E-13
   1.02465029     1.01676196     0.01500000     0.29827525     4.23424124     0.29450913     0.30847502  -357.72858405   9.161560E-13
   1.02494480     1.01707043     0.01500000     0.29827355     4.23569516     0.29405693     0.30800055  -357.76835830   8.719692E-13
   1.02523886     1.01737843     0.01500000     0.29827186     4.23714741     0.29360521     0.30752659  -357.80807085   9.114931E-13
   1.02553247     1.01768596     0.01500000     0.29827017     4.23859799     0.29315397     0.30705313  -357.84772179   9.294787E-13
   1.02582562     1.01799301     0.01500000     0.29826849     4.24004690     0.29270322     0.30658019  -357.88731117   8.606449E-13
   1.02611832     1.01829959     0.01500000     0.29826681     4.24149414     0.29225295     0.30610776  -357.92683906   9.368062E-13
   1.02641058     1.01860570     0.01500000     0.29826513     4.24293970     0.29180315     0.30563584  -357.96630553   8.761880E-13
   1.02670238     1.01891133     0.01500000     0.29826347     4.24438359     0.29135385     0.30516443  -358.00571065   8.946177E-13
   1.02699373     1.01921650     0.01500000     0.29826180     4.24582581     0.29090502     0.30469353  -358.04505449   8.837375E-13
   1.02728464     1.01952119     0.01500000     0.29826015     4.24726636     0.29045668     0.30422314  -358.08433712   8.750778E-13
   1.02757509     1.01982542     0.01500000     0.29825849     4.24870524     0.29000883     0.30375326  -358.12355859   8.715251E-13
   1.02786510     1.02012917     0.01500000     0.29825685     4.25014244     0.28956145     0.30328390  -358.16271899   8.528733E-13
   1.02815466     1.02043245     0.01500000     0.29825521     4.25157797     0.28911456     0.30281504  -358.20181837   8.295586E-13
   1.02844378     1.02073527     0.01500000     0.29825357     4.25301183     0.28866816     0.30234670  -358.24085681   8.522072E-13
   1.02873245     1.02103761     0.01500000     0.29825194     4.25444402     0.28822224     0.30187886  -358.27983437   8.406609E-13
   1.02902067     1.02133949     0.01500000     0.29825031     4.25587453     0.28777680     0.30141154  -358.31875112   8.300027E-13
   1.02930845     1.02164091     0.01500000     0.29824869     4.25730337     0.28733185     0.30094473  -358.35760713   8.104628E-13
   1.02959578     1.02194185     0.01500000     0.29824708     4.25873053     0.28688738     0.30047844  -358.39640247   7.884804E-13
   1.02988267     1.02224233     0.01500000     0.29824547     4.26015602     0.28644340     0.30001265  -358.43513720   7.980283E-13
   1.03016911     1.02254234     0.01500000     0.29824387     4.26157984     0.28599990     0.29954738  -358.47381139   8.693046E-13
   1.03045511     1.02284189     0.01500000     0.29824227     4.26300198     0.28555689     0.29908262  -358.51242512   8.224532E-13
   1.03074067     1.02314097     0.01500000     0.29824067     4.26442245     0.28511436     0.29861837  -358.55097845   8.042456E-13
   1.03102578     1.02343959     0.01500000     0.29823908     4.26584125     0.28467232     0.29815464  -358.58947144   8.608669E-13
   1.03131045     1.02373774     0.01500000     0.29823750     4.26725837     0.28423077     0.29769142  -358.62790417   7.409628E-13
   1.03159468     1.02403544     0.01500000     0.29823592     4.26867382     0.28378970     0.29722871  -358.66627670   7.502887E-13
   1.03187847     1.02433266     0.01500000     0.29823435     4.27008759     0.28334912     0.29676651  -358.70458910   7.667200E-13
   1.03216182     1.02462943     0.01500000     0.29823278     4.27149969     0.28290902     0.29630483  -358.74284143   7.711609E-13
   1.03244473     1.02492574     0.01500000     0.29823122     4.27291012     0.28246941     0.29584366  -358.78103378   7.529533E-13
   1.03272720     1.02522158     0.01500000     0.29822966     4.27431887     0.28203028     0.29538301  -358.81916620   7.494005E-13
   1.03300923     1.02551696     0.01500000     0.29822811     4.27572594     0.28159165     0.29492287  -358.85723877   6.947776E-13
   1.03329082     1.02581189     0.01500000     0.29822656     4.27713135     0.28115350     0.29446324  -358.89525155   6.856737E-13
   1.03357198     1.02610635     0.01500000     0.29822501     4.27853507     0.28071583     0.29400413  -358.93320460   7.591705E-13
   1.03385269     1.02640035     0.01500000     0.29822348     4.27993713     0.28027865     0.29354553  -358.97109800   7.196466E-13
   1.03413297     1.02669390     0.01500000     0.29822194     4.28133751     0.27984196     0.29308745  -359.00893182   7.056578E-13
   1.03441281     1.02698699     0.01500000     0.29822042     4.28273621     0.27940576     0.29262988  -359.04670612   7.591705E-13
   1.03469222     1.02727962     0.01500000     0.29821889     4.28413324     0.27897004     0.29217282  -359.08442098   7.527312E-13
   1.03497119     1.02757179     0.01500000     0.29821737     4.28552860     0.27853482     0.29171628  -359.12207646   7.136514E-13
   1.03524972     1.02786350     0.01500000     0.29821586     4.28692228     0.27810008     0.29126025  -359.15967262   7.069900E-13
   1.03552782     1.02815476     0.01500000     0.29821435     4.28831429     0.27766582     0.29080474  -359.19720954   6.954437E-13
   1.03580549     1.02844557     0.01500000     0.29821285     4.28970462     0.27723206     0.29034974  -359.23468729   6.892265E-13
   1.03608272     1.02873592     0.01500000     0.29821135     4.29109328     0.27679878     0.28989526  -359.27210593   6.710188E-13
   1.03635952     1.02902581     0.01500000     0.29820986     4.29248026     0.27636599     0.28944129  -359.30946553   6.621370E-13
   1.03663589     1.02931526     0.01500000     0.29820837     4.29386557     0.27593369     0.28898784  -359.34676616   6.763479E-13
   1.03691182     1.02960424     0.01500000     0.29820689     4.29524921     0.27550187     0.28853490  -359.38400789   6.890044E-13
   1.03718732     1.02989278     0.01500000     0.29820541     4.29663117     0.27507055     0.28808248  -359.42119079   6.754597E-13
   1.03746239     1.03018086     0.01500000     0.29820393     4.29801146     0.27463971     0.28763058  -359.45831492   6.568079E-13
   1.03773703     1.03046849     0.01500000     0.29820246     4.29939008     0.27420936     0.28717919  -359.49538035   6.421530E-13
   1.03801124     1.03075567     0.01500000     0.29820100     4.30076702     0.27377950     0.28672831  -359.53238715   6.203926E-13
   1.03828502     1.03104240     0.01500000     0.29819954     4.30214229     0.27335013     0.28627795  -359.56933540   6.439294E-13
   1.03855837     1.03132868     0.01500000     0.29819808     4.30351589     0.27292125     0.28582811  -359.60622515   7.180923E-13
   1.03883129     1.03161450     0.01500000     0.29819663     4.30488781     0.27249286     0.28537878  -359.64305647   6.554757E-13
   1.03910378     1.03189988     0.01500000     0.29819519     4.30625806     0.27206495     0.28492997  -359.67982945   6.303846E-13
   1.03937585     1.03218481     0.01500000     0.29819375     4.30762664     0.27163753     0.28448167  -359.71654413   6.994405E-13
   1.03964749     1.03246930     0.01500000     0.29819231     4.30899354     0.27121061     0.28403389  -359.75320060   5.930811E-13
   1.03991870     1.03275333     0.01500000     0.29819088     4.31035877     0.27078417     0.28358662  -359.78979891   5.992984E-13
   1.04018948     1.03303692     0.01500000     0.29818945     4.31172233     0.27035822     0.28313987  -359.82633914   6.081802E-13
   1.04045984     1.03332006     0.01500000     0.29818803     4.31308422     0.26993276     0.28269364  -359.86282136   6.030731E-13
   1.04072977     1.03360275     0.01500000     0.29818661     4.31444443     0.26950779     0.28224792  -359.89924564   5.948575E-13
   1.04099928     1.03388500     0.01500000     0.29818520     4.31580298     0.26908331     0.28180272  -359.93561203   5.833112E-13
   1.04126836     1.03416680     0.01500000     0.29818379     4.31715985     0.26865931     0.28135804  -359.97192062   5.224710E-13
   1.04153702     1.03444816     0.01500000     0.29818239     4.31851505     0.26823581     0.28091387  -360.00817147   5.480061E-13
   1.04180526     1.03472907     0.01500000     0.29818099     4.31986858     0.26781280     0.28047022  -360.04436464   6.021850E-13
   1.04207307     1.03500954     0.01500000     0.29817960     4.32122044     0.26739027     0.28002708  -360.08050021   5.757617E-13
   1.04234046     1.03528957     0.01500000     0.29817821     4.32257062     0.26696824     0.27958446  -360.11657825   5.486722E-13
   1.04260743     1.03556915     0.01500000     0.29817682     4.32391914     0.26654669     0.27914236  -360.15259881   6.368239E-13
   1.04287398     1.03584830     0.01500000     0.29817544     4.32526599     0.26612564     0.27870077  -360.18856198   5.573320E-13
   1.04314010     1.03612700     0.01500000     0.29817407     4.32661117     0.26570507     0.27825970  -360.22446782   5.657697E-13
   1.04340581     1.03640526     0.01500000     0.29817269     4.32795467     0.26528500     0.27781915  -360.26031640   5.480061E-13
   1.04367109     1.03668308     0.01500000     0.29817133     4.32929651     0.26486541     0.27737911  -360.29610778   5.462297E-13
   1.04393596     1.03696045     0.01500000     0.29816996     4.33063668     0.26444632     0.27693959  -360.33184204   5.342393E-13
   1.04420040     1.03723739     0.01500000     0.29816861     4.33197518     0.26402771     0.27650058  -360.36751925   5.253575E-13
   1.04446443     1.03751389     0.01500000     0.29816725     4.33331201     0.26360959     0.27606209  -360.40313946   5.162537E-13
   1.04472804     1.03778996     0.01500000     0.29816590     4.33464717     0.26319196     0.27562412  -360.43870275   5.091483E-13
   1.04499123     1.03806558     0.01500000     0.29816456     4.33598067     0.26277483     0.27518667  -360.47420919   5.551115E-13
   1.04525401     1.03834077     0.01500000     0.29816322     4.33731249     0.26235818     0.27474973  -360.50965885   5.571099E-13
   1.04551637     1.03861552     0.01500000     0.29816188     4.33864265     0.26194202     0.27431331  -360.54505179   5.406786E-13
   1.04577831     1.03888983     0.01500000     0.29816055     4.33997115     0.26152636     0.27387740  -360.58038809   5.238032E-13
   1.04603984     1.03916371     0.01500000     0.29815923     4.34129797     0.26111118     0.27344201  -360.61566780   5.029310E-13
   1.04630095     1.03943715     0.01500000     0.29815790     4.34262313     0.26069649     0.27300714  -360.65089101   5.049294E-13
   1.04656164     1.03971016     0.01500000     0.29815658     4.34394662     0.26028229     0.27257278  -360.68605777   5.011547E-13
   1.04682193     1.03998273     0.01500000     0.29815527     4.34526845     0.25986858     0.27213894  -360.72116816   5.646594E-13
   1.04708179     1.04025487     0.01500000     0.29815396     4.34658861     0.25945537     0.27170562  -360.75622225   5.699885E-13
   1.04734125     1.04052657     0.01500000     0.29815266     4.34790711     0.25904264     0.27127281  -360.79122010   4.893863E-13
   1.04760029     1.04079785     0.01500000     0.29815135     4.34922394     0.25863040     0.27084052  -360.82616178   4.944933E-13
   1.04785892     1.04106869     0.01500000     0.29815006     4.35053911     0.25821865     0.27040875  -360.86104736   5.455636E-13
   1.04811714     1.04133910     0.01500000     0.29814877     4.35185262     0.25780739     0.26997749  -360.89587691   4.662937E-13
   1.04837495     1.04160907     0.01500000     0.29814748     4.35316446     0.25739662     0.26954675  -360.93065050   4.762857E-13
   1.04863234     1.04187862     0.01500000     0.29814619     4.35447463     0.25698635     0.26911652  -360.96536819   4.656275E-13
   1.04888933     1.04214774     0.01500000     0.29814491     4.35578315     0.25657656     0.26868682  -361.00003005   4.649614E-13
   1.04914591     1.04241642     0.01500000     0.29814364     4.35709000     0.25616726     0.26825762  -361.03463615   4.549694E-13
   1.04940208     1.04268468     0.01500000     0.29814237     4.35839519     0.25575845     0.26782895  -361.06918657   4.196643E-13
   1.04965783     1.04295251     0.01500000     0.29814110     4.35969872     0.25535013     0.26740079  -361.10368136   3.936851E-13
   1.04991318     1.04321991     0.01500000     0.29813984     4.36100059     0.25494230     0.26697314  -361.13812060   4.696243E-13
   1.05016813     1.04348688     0.01500000     0.29813858     4.36230080     0.25453496     0.26654602  -361.17250435   4.822809E-13
   1.05042266     1.04375343     0.01500000     0.29813733     4.36359935     0.25412811     0.26611940  -361.20683268   4.249934E-13
   1.05067679     1.04401955     0.01500000     0.29813608     4.36489624     0.25372175     0.26569331  -361.24110567   4.658496E-13
   1.05093051     1.04428524     0.01500000     0.29813483     4.36619147     0.25331588     0.26526773  -361.27532337   5.158096E-13
   1.05118383     1.04455051     0.01500000     0.29813359     4.36748504     0.25291050     0.26484267  -361.30948587   4.318768E-13
   1.05143674     1.04481535     0.01500000     0.29813235     4.36877695     0.25250561     0.26441812  -361.34359321   4.398704E-13
   1.05168924     1.04507977     0.01500000     0.29813112     4.37006720     0.25210121     0.26399409  -361.37764549   4.329870E-13
   1.05194134     1.04534377     0.01500000     0.29812989     4.37135580     0.25169730     0.26357057  -361.41164275   4.078959E-13
   1.05219304     1.04560734     0.01500000     0.29812866     4.37264274     0.25129387     0.26314757  -361.44558507   4.045653E-13
   1.05244434     1.04587048     0.01500000     0.29812744     4.37392802     0.25089094     0.26272509  -361.47947252   3.992362E-13
   1.05269523     1.04613321     0.01500000     0.29812622     4.37521165     0.25048850     0.26230312  -361.51330517   3.967937E-13
   1.05294571     1.04639551     0.01500000     0.29812501     4.37649362     0.25008654     0.26188166  -361.54708308   3.785861E-13
   1.05319580     1.04665739     0.01500000     0.29812380     4.37777394     0.24968508     0.26146073  -361.58080633   4.400924E-13
   1.05344549     1.04691886     0.01500000     0.29812259     4.37905260     0.24928410     0.26104030  -361.61447497   4.498624E-13
   1.05369477     1.04717990     0.01500000     0.29812139     4.38032961     0.24888362     0.26062040  -361.64808908   4.365397E-13
   1.05394365     1.04744052     0.01500000     0.29812020     4.38160497     0.24848362     0.26020100  -361.68164873   4.316547E-13
   1.05419214     1.04770072     0.01500000     0.29811900     4.38287867     0.24808411     0.25978213  -361.71515399   4.021228E-13
   1.05444022     1.04796050     0.01500000     0.29811781     4.38415072     0.24768509     0.25936377  -361.74860492   3.894662E-13
   1.05468791     1.04821986     0.01500000     0.29811663     4.38542112     0.24728656     0.25894592  -361.78200158   3.999023E-13
   1.05493519     1.04847881     0.01500000     0.29811545     4.38668987     0.24688852     0.25852859  -361.81534406   3.885781E-13
   1.05518208     1.04873734     0.01500000     0.29811427     4.38795697     0.24649096     0.25811177  -361.84863241   4.432010E-13
   1.05542857     1.04899545     0.01500000     0.29811310     4.38922242     0.24609390     0.25769547  -361.88186671   4.780620E-13
   1.05567467     1.04925314     0.01500000     0.29811193     4.39048622     0.24569733     0.25727968  -361.91504703   3.956835E-13
   1.05592036     1.04951042     0.01500000     0.29811076     4.39174837     0.24530124     0.25686441  -361.94817342   3.690381E-13
   1.05616567     1.04976729     0.01500000     0.29810960     4.39300887     0.24490564     0.25644965  -361.98124596   4.469758E-13
   1.05641057     1.05002374     0.01500000     0.29810844     4.39426772     0.24451053     0.25603541  -362.01426472   4.081180E-13
   1.05665508     1.05027977     0.01500000     0.29810729     4.39552493     0.24411591     0.25562168  -362.04722977   3.763656E-13
   1.05689920     1.05053540     0.01500000     0.29810614     4.39678049     0.24372178     0.25520846  -362.08014116   3.610445E-13
   1.05714292     1.05079060     0.01500000     0.29810499     4.39803441     0.24332813     0.25479576  -362.11299898   3.592682E-13
   1.05738625     1.05104540     0.01500000     0.29810385     4.39928668     0.24293497     0.25438357  -362.14580329   3.401723E-13
   1.05762918     1.05129978     0.01500000     0.29810271     4.40053730     0.24254230     0.25397190  -362.17855415   3.317346E-13
   1.05787172     1.05155375     0.01500000     0.29810157     4.40178628     0.24215012     0.25356074  -362.21125163   2.828848E-13
   1.05811387     1.05180732     0.01500000     0.29810044     4.40303362     0.24175843     0.25315010  -362.24389582   3.606004E-13
   1.05835563     1.05206047     0.01500000     0.29809932     4.40427932     0.24136722     0.25273996  -362.27648675   4.130030E-13
   1.05859700     1.05231321     0.01500000     0.29809819     4.40552337     0.24097651     0.25233035  -362.30902452   3.790301E-13
   1.05883798     1.05256554     0.01500000     0.29809707     4.40676578     0.24058628     0.25192124  -362.34150918   3.319567E-13
   1.05907856     1.05281746     0.01500000     0.29809596     4.40800655     0.24019653     0.25151265  -362.37394080   4.203304E-13
   1.05931876     1.05306897     0.01500000     0.29809484     4.40924568     0.23980728     0.25110457  -362.40631946   3.907985E-13
   1.05955857     1.05332007     0.01500000     0.29809374     4.41048318     0.23941851     0.25069700  -362.43864521   3.410605E-13
   1.05979799     1.05357077     0.01500000     0.29809263     4.41171903     0.23903023     0.25028995  -362.47091813   3.288481E-13
   1.06003702     1.05382106     0.01500000     0.29809153     4.41295324     0.23864243     0.24988341  -362.50313829   3.224088E-13
   1.06027566     1.05407094     0.01500000     0.29809043     4.41418582     0.23825513     0.24947738  -362.53530574   3.141931E-13
   1.06051391     1.05432042     0.01500000     0.29808934     4.41541676     0.23786831     0.24907186  -362.56742057   2.997602E-13
   1.06075178     1.05456949     0.01500000     0.29808825     4.41664607     0.23748197     0.24866686  -362.59948283   2.997602E-13
   1.06098926     1.05481816     0.01500000     0.29808716     4.41787374     0.23709612     0.24826237  -362.63149259   2.933209E-13
   1.06122636     1.05506642     0.01500000     0.29808608     4.41909977     0.23671076     0.24785839  -362.66344993   2.882139E-13
   1.06146307     1.05531428     0.01500000     0.29808500     4.42032417     0.23632589     0.24745492  -362.69535491   2.864375E-13
   1.06169940     1.05556174     0.01500000     0.29808393     4.42154694     0.23594150     0.24705197  -362.72720759   2.755574E-13
   1.06193534     1.05580879     0.01500000     0.29808285     4.42276808     0.23555760     0.24664953  -362.75900804   3.641532E-13
   1.06217090     1.05605544     0.01500000     0.29808178     4.42398758     0.23517418     0.24624759  -362.79075634   3.510525E-13
   1.06240607     1.05630169     0.01500000     0.29808072     4.42520545     0.23479125     0.24584617  -362.82245255   3.326228E-13
   1.06264086     1.05654753     0.01500000     0.29807966     4.42642170     0.23440881     0.24544526  -362.85409674   3.124168E-13
   1.06287527     1.05679298     0.01500000     0.29807860     4.42763631     0.23402685     0.24504486  -362.88568897   2.935430E-13
   1.06310930     1.05703802     0.01500000     0.29807755     4.42884930     0.23364537     0.24464498  -362.91722931   2.886580E-13
   1.06334294     1.05728267     0.01500000     0.29807650     4.43006065     0.23326438     0.24424560  -362.94871783   2.953193E-13
   1.06357621     1.05752691     0.01500000     0.29807545     4.43127038     0.23288388     0.24384673  -362.98015460   3.212985E-13
   1.06380909     1.05777076     0.01500000     0.29807441     4.43247848     0.23250386     0.24344838  -363.01153968   3.870237E-13
   1.06404159     1.05801421     0.01500000     0.29807337     4.43368496     0.23212433     0.24305053  -363.04287314   3.383960E-13
   1.06427372     1.05825726     0.01500000     0.29807233     4.43488981     0.23174528     0.24265320  -363.07415505   2.680078E-13
   1.06450546     1.05849991     0.01500000     0.29807130     4.43609304     0.23136671     0.24225637  -363.10538547   3.010925E-13
   1.06473683     1.05874217     0.01500000     0.29807027     4.43729465     0.23098863     0.24186006  -363.13656448   3.845813E-13
   1.06496782     1.05898403     0.01500000     0.29806924     4.43849463     0.23061104     0.24146425  -363.16769214   2.873257E-13
   1.06519843     1.05922549     0.01500000     0.29806822     4.43969299     0.23023393     0.24106895  -363.19876851   2.720046E-13
   1.06542866     1.05946656     0.01500000     0.29806720     4.44088973     0.22985730     0.24067417  -363.22979367   2.695622E-13
   1.06565852     1.05970724     0.01500000     0.29806619     4.44208485     0.22948115     0.24027989  -363.26076768   2.535749E-13
   1.06588800     1.05994752     0.01500000     0.29806517     4.44327835     0.22910549     0.23988612  -363.29169061   2.262635E-13
   1.06611711     1.06018740     0.01500000     0.29806416     4.44447023     0.22873032     0.23949286  -363.32256253   2.167155E-13
   1.06634584     1.06042689     0.01500000     0.29806316     4.44566050     0.22835562     0.23910011  -363.35338349   2.653433E-13
   1.06657419     1.06066599     0.01500000     0.29806216     4.44684914     0.22798141     0.23870786  -363.38415358   3.415046E-13
   1.06680218     1.06090470     0.01500000     0.29806116     4.44803617     0.22760769     0.23831613  -363.41487285   3.419487E-13
   1.06702978     1.06114302     0.01500000     0.29806016     4.44922159     0.22723444     0.23792490  -363.44554137   2.633449E-13
   1.06725702     1.06138094     0.01500000     0.29805917     4.45040539     0.22686168     0.23753418  -363.47615922   2.753353E-13
   1.06748388     1.06161848     0.01500000     0.29805818     4.45158758     0.22648940     0.23714397  -363.50672645   3.594902E-13
   1.06771037     1.06185562     0.01500000     0.29805720     4.45276815     0.22611760     0.23675426  -363.53724314   2.986500E-13
   1.06793649     1.06209238     0.01500000     0.29805622     4.45394712     0.22574629     0.23636507  -363.56770935   2.662315E-13
   1.06816223     1.06232874     0.01500000     0.29805524     4.45512447     0.22537546     0.23597638  -363.59812514   2.327027E-13
   1.06838761     1.06256472     0.01500000     0.29805426     4.45630021     0.22500511     0.23558819  -363.62849060   2.253753E-13
   1.06861261     1.06280031     0.01500000     0.29805329     4.45747435     0.22463524     0.23520052  -363.65880577   2.235989E-13
   1.06883725     1.06303551     0.01500000     0.29805232     4.45864687     0.22426585     0.23481335  -363.68907073   2.278178E-13
   1.06906151     1.06327032     0.01500000     0.29805136     4.45981779     0.22389694     0.23442668  -363.71928554   2.189360E-13
   1.06928541     1.06350475     0.01500000     0.29805040     4.46098710     0.22352852     0.23404053  -363.74945028   2.133849E-13
   1.06950894     1.06373879     0.01500000     0.29804944     4.46215480     0.22316057     0.23365488  -363.77956500   2.153833E-13
   1.06973210     1.06397244     0.01500000     0.29804848     4.46332090     0.22279311     0.23326973  -363.80962978   2.156053E-13
   1.06995489     1.06420571     0.01500000     0.29804753     4.46448540     0.22242613     0.23288509  -363.83964468   2.071676E-13
   1.07017732     1.06443860     0.01500000     0.29804658     4.46564829     0.22205962     0.23250095  -363.86960977   2.124967E-13
   1.07039938     1.06467110     0.01500000     0.29804563     4.46680959     0.22169360     0.23211732  -363.89952510   3.030909E-13
   1.07062107     1.06490321     0.01500000     0.29804469     4.46796928     0.22132806     0.23173420  -363.92939077   2.646772E-13
   1.07084240     1.06513495     0.01500000     0.29804375     4.46912737     0.22096299     0.23135158  -363.95920682   2.502443E-13
   1.07106336     1.06536630     0.01500000     0.29804282     4.47028386     0.22059841     0.23096946  -363.98897332   2.320366E-13
   1.07128396     1.06559727     0.01500000     0.29804188     4.47143875     0.22023431     0.23058785  -364.01869034   2.193801E-13
   1.07150420     1.06582786     0.01500000     0.29804095     4.47259204     0.21987068     0.23020674  -364.04835795   2.209344E-13
   1.07172407     1.06605806     0.01500000     0.29804003     4.47374374     0.21950754     0.22982614  -364.07797621   2.173817E-13
   1.07194357     1.06628789     0.01500000     0.29803910     4.47489384     0.21914487     0.22944604  -364.10754519   2.193801E-13
   1.07216272     1.06651734     0.01500000     0.29803818     4.47604235     0.21878268     0.22906644  -364.13706496   2.611245E-13
   1.07238150     1.06674640     0.01500000     0.29803727     4.47718926     0.21842097     0.22868735  -364.16653557   3.044232E-13
   1.07259992     1.06697509     0.01500000     0.29803635     4.47833459     0.21805974     0.22830876  -364.19595711   2.420286E-13
   1.07281798     1.06720340     0.01500000     0.29803544     4.47947832     0.21769899     0.22793067  -364.22532963   1.818545E-13
   1.07303568     1.06743133     0.01500000     0.29803453     4.48062045     0.21733871     0.22755308  -364.25465320   2.273737E-13
   1.07325302     1.06765888     0.01500000     0.29803363     4.48176100     0.21697891     0.22717600  -364.28392788   2.977618E-13
   1.07347000     1.06788606     0.01500000     0.29803273     4.48289996     0.21661959     0.22679942  -364.31315375   2.544631E-13
   1.07368662     1.06811286     0.01500000     0.29803183     4.48403733     0.21626075     0.22642334  -364.34233086   1.805223E-13
   1.07390288     1.06833928     0.01500000     0.29803093     4.48517312     0.21590238     0.22604776  -364.37145929   2.131628E-13
   1.07411878     1.06856533     0.01500000     0.29803004     4.48630732     0.21554449     0.22567268  -364.40053910   1.842970E-13
   1.07433433     1.06879100     0.01500000     0.29802915     4.48743993     0.21518708     0.22529810  -364.42957036   1.705303E-13
   1.07454951     1.06901630     0.01500000     0.29802826     4.48857096     0.21483014     0.22492403  -364.45855312   1.689759E-13
   1.07476434     1.06924122     0.01500000     0.29802738     4.48970041     0.21447368     0.22455045  -364.48748747   2.360334E-13
   1.07497882     1.06946577     0.01500000     0.29802650     4.49082827     0.21411769     0.22417738  -364.51637346   3.050893E-13
   1.07519294     1.06968995     0.01500000     0.29802562     4.49195456     0.21376218     0.22380480  -364.54521116   2.844391E-13
   1.07540670     1.06991376     0.01500000     0.29802475     4.49307926     0.21340715     0.22343273  -364.57400063   2.131628E-13
   1.07562010     1.07013719     0.01500000     0.29802388     4.49420239     0.21305259     0.22306115  -364.60274194   1.967315E-13
   1.07583316     1.07036025     0.01500000     0.29802301     4.49532393     0.21269850     0.22269008  -364.63143516   2.844391E-13
   1.07604586     1.07058294     0.01500000     0.29802214     4.49644390     0.21234489     0.22231950  -364.66008036   2.602363E-13
   1.07625820     1.07080526     0.01500000     0.29802128     4.49756230     0.21199176     0.22194942  -364.68867759   1.612044E-13
   1.07647019     1.07102721     0.01500000     0.29802042     4.49867911     0.21163909     0.22157984  -364.71722692   2.589040E-13
   1.07668183     1.07124879     0.01500000     0.29801956     4.49979436     0.21128691     0.22121076  -364.74572842   1.572076E-13
   1.07689312     1.07147000     0.01500000     0.29801871     4.50090803     0.21093519     0.22084218  -364.77418216   1.612044E-13
   1.07710405     1.07169084     0.01500000     0.29801786     4.50202013     0.21058395     0.22047410  -364.80258820   1.563194E-13
   1.07731464     1.07191132     0.01500000     0.29801701     4.50313066     0.21023319     0.22010651  -364.83094660   1.652012E-13
   1.07752487     1.07213142     0.01500000     0.29801617     4.50423962     0.20988289     0.21973942  -364.85925743   1.554312E-13
   1.07773475     1.07235116     0.01500000     0.29801532     4.50534701     0.20953307     0.21937282  -364.88752076   1.569855E-13
   1.07794429     1.07257054     0.01500000     0.29801449     4.50645284     0.20918372     0.21900673  -364.91573665   1.487699E-13
   1.07815347     1.07278954     0.01500000     0.29801365     4.50755709     0.20883485     0.21864113  -364.94390516   1.612044E-13
   1.07836230     1.07300818     0.01500000     0.29801282     4.50865979     0.20848644     0.21827602  -364.97202637   1.656453E-13
   1.07857079     1.07322646     0.01500000     0.29801198     4.50976091     0.20813851     0.21791141  -365.00010034   1.638689E-13
   1.07877893     1.07344437     0.01500000     0.29801116     4.51086048     0.20779105     0.21754730  -365.02812712   1.674216E-13
   1.07898672     1.07366192     0.01500000     0.29801033     4.51195848     0.20744406     0.21718369  -365.05610680   1.680878E-13
   1.07919417     1.07387910     0.01500000     0.29800951     4.51305492     0.20709754     0.21682056  -365.08403942   1.916245E-13
   1.07940126     1.07409592     0.01500000     0.29800869     4.51414980     0.20675149     0.21645794  -365.11192507   1.705303E-13
   1.07960801     1.07431238     0.01500000     0.29800787     4.51524312     0.20640591     0.21609580  -365.13976379   1.552092E-13
   1.07981442     1.07452848     0.01500000     0.29800706     4.51633488     0.20606081     0.21573417  -365.16755567   1.456613E-13
   1.08002048     1.07474421     0.01500000     0.29800625     4.51742509     0.20571617     0.21537302  -365.19530075   1.534328E-13
   1.08022620     1.07495958     0.01500000     0.29800544     4.51851374     0.20537200     0.21501237  -365.22299911   1.463274E-13
   1.08043157     1.07517460     0.01500000     0.29800464     4.51960084     0.20502831     0.21465221  -365.25065082   1.536549E-13
   1.08063660     1.07538925     0.01500000     0.29800383     4.52068638     0.20468508     0.21429255  -365.27825593   1.443290E-13
   1.08084128     1.07560354     0.01500000     0.29800303     4.52177037     0.20434232     0.21393338  -365.30581451   2.016165E-13
   1.08104562     1.07581747     0.01500000     0.29800224     4.52285281     0.20400003     0.21357470  -365.33332663   2.073897E-13
   1.08124962     1.07603105     0.01500000     0.29800144     4.52393370     0.20365820     0.21321652  -365.36079235   1.245670E-13
   1.08145328     1.07624426     0.01500000     0.29800065     4.52501304     0.20331685     0.21285882  -365.38821174   1.414424E-13
   1.08165660     1.07645712     0.01500000     0.29799986     4.52609083     0.20297596     0.21250162  -365.41558486   1.418865E-13
   1.08185958     1.07666962     0.01500000     0.29799908     4.52716707     0.20263554     0.21214491  -365.44291177   2.116085E-13
   1.08206221     1.07688177     0.01500000     0.29799829     4.52824177     0.20229559     0.21178869  -365.47019254   2.005063E-13
   1.08226451     1.07709356     0.01500000     0.29799751     4.52931492     0.20195611     0.21143296  -365.49742723   8.104628E-14
   1.08246646     1.07730499     0.01500000     0.29799673     4.53038654     0.20161709     0.21107772  -365.52461591   6.217249E-14
   1.08266808     1.07751607     0.01500000     0.29799596     4.53145660     0.20127854     0.21072298  -365.55175864   1.347811E-13
   1.08286936     1.07772679     0.01500000     0.29799519     4.53252513     0.20094046     0.21036872  -365.57885550   1.392220E-13
   1.08307030     1.07793716     0.01500000     0.29799442     4.53359212     0.20060284     0.21001495  -365.60590653   1.525446E-13
   1.08327090     1.07814718     0.01500000     0.29799365     4.53465757     0.20026569     0.20966167  -365.63291181   2.151612E-13
   1.08347117     1.07835684     0.01500000     0.29799288     4.53572148     0.19992900     0.20930888  -365.65987140   2.569056E-13
   1.08367110     1.07856615     0.01500000     0.29799212     4.53678385     0.19959278     0.20895658  -365.68678536   2.369216E-13
   1.08387069     1.07877510     0.01500000     0.29799136     4.53784469     0.19925702     0.20860477  -365.71365376   1.536549E-13
   1.08406995     1.07898371     0.01500000     0.29799061     4.53890399     0.19892173     0.20825344  -365.74047666   1.283418E-13
   1.08426887     1.07919196     0.01500000     0.29798985     4.53996177     0.19858690     0.20790261  -365.76725412   1.998401E-13
   1.08446746     1.07939986     0.01500000     0.29798910     4.54101801     0.19825253     0.20755226  -365.79398622   2.116085E-13
   1.08466571     1.07960742     0.01500000     0.29798835     4.54207271     0.19791863     0.20720240  -365.82067302   1.312284E-13
   1.08486363     1.07981462     0.01500000     0.29798760     4.54312589     0.19758520     0.20685302  -365.84731457   8.637535E-14
   1.08506121     1.08002147     0.01500000     0.29798686     4.54417754     0.19725222     0.20650414  -365.87391094   1.607603E-13
   1.08525846     1.08022798     0.01500000     0.29798612     4.54522767     0.19691971     0.20615574  -365.90046219   1.081357E-13
   1.08545538     1.08043413     0.01500000     0.29798538     4.54627626     0.19658766     0.20580782  -365.92696840   1.136868E-13
   1.08565197     1.08063994     0.01500000     0.29798464     4.54732334     0.19625608     0.20546039  -365.95342963   1.134648E-13
   1.08584823     1.08084540     0.01500000     0.29798391     4.54836889     0.19592495     0.20511345  -365.97984592   1.196820E-13
   1.08604415     1.08105051     0.01500000     0.29798318     4.54941291     0.19559429     0.20476699  -366.00621736   1.203482E-13
   1.08623975     1.08125528     0.01500000     0.29798245     4.55045542     0.19526409     0.20442101  -366.03254400   1.154632E-13
   1.08643501     1.08145970     0.01500000     0.29798173     4.55149640     0.19493435     0.20407552  -366.05882591   1.163514E-13
   1.08662994     1.08166378     0.01500000     0.29798100     4.55253587     0.19460507     0.20373052  -366.08506315   1.303402E-13
   1.08682455     1.08186751     0.01500000     0.29798028     4.55357382     0.19427625     0.20338599  -366.11125579   1.207923E-13
   1.08701883     1.08207089     0.01500000     0.29797956     4.55461025     0.19394789     0.20304196  -366.13740388   1.330047E-13
   1.08721277     1.08227394     0.01500000     0.29797885     4.55564517     0.19361999     0.20269840  -366.16350750   1.234568E-13
   1.08740639     1.08247663     0.01500000     0.29797813     4.55667857     0.19329256     0.20235533  -366.18956670   1.234568E-13
   1.08759969     1.08267899     0.01500000     0.29797742     4.55771046     0.19296558     0.20201274  -366.21558154   1.223466E-13
   1.08779265     1.08288100     0.01500000     0.29797671     4.55874084     0.19263906     0.20167063  -366.24155211   1.185718E-13
   1.08798529     1.08308267     0.01500000     0.29797601     4.55976971     0.19231299     0.20132900  -366.26747844   9.547918E-14
   1.08817760     1.08328400     0.01500000     0.29797530     4.56079707     0.19198739     0.20098786  -366.29336061   8.637535E-14
   1.08836959     1.08348499     0.01500000     0.29797460     4.56182292     0.19166224     0.20064720  -366.31919869   9.148238E-14
   1.08856125     1.08368564     0.01500000     0.29797390     4.56284726     0.19133756     0.20030701  -366.34499273   8.681944E-14
   1.08875259     1.08388594     0.01500000     0.29797321     4.56387010     0.19101333     0.19996731  -366.37074279   8.437695E-14
   1.08894360     1.08408591     0.01500000     0.29797251     4.56489144     0.19068955     0.19962809  -366.39644895   8.593126E-14
   1.08913429     1.08428554     0.01500000     0.29797182     4.56591127     0.19036624     0.19928935  -366.42211125   8.837375E-14
   1.08932466     1.08448483     0.01500000     0.29797113     4.56692960     0.19004338     0.19895109  -366.44772978   1.139089E-13
   1.08951470     1.08468378     0.01500000     0.29797044     4.56794643     0.18972097     0.19861330  -366.47330458   9.903189E-14
   1.08970442     1.08488239     0.01500000     0.29796976     4.56896176     0.18939903     0.19827600  -366.49883573   1.227907E-13
   1.08989382     1.08508067     0.01500000     0.29796908     4.56997559     0.18907753     0.19793917  -366.52432328   6.306067E-14
   1.09008290     1.08527861     0.01500000     0.29796840     4.57098793     0.18875650     0.19760282  -366.54976729   9.814372E-14
   1.09027166     1.08547621     0.01500000     0.29796772     4.57199877     0.18843592     0.19726695  -366.57516784   7.016610E-14
   1.09046009     1.08567348     0.01500000     0.29796705     4.57300811     0.18811579     0.19693156  -366.60052497   6.883383E-14
   1.09064821     1.08587041     0.01500000     0.29796637     4.57401597     0.18779612     0.19659665  -366.62583876   1.250111E-13
   1.09083601     1.08606701     0.01500000     0.29796570     4.57502233     0.18747690     0.19626221  -366.65110927   8.770762E-14
   1.09102348     1.08626327     0.01500000     0.29796504     4.57602720     0.18715813     0.19592825  -366.67633656   1.132427E-14
   1.09121064     1.08645920     0.01500000     0.29796437     4.57703058     0.18683982     0.19559476  -366.70152069   1.842970E-14
   1.09139748     1.08665479     0.01500000     0.29796371     4.57803248     0.18652196     0.19526175  -366.72666172   9.303669E-14
   1.09158400     1.08685005     0.01500000     0.29796305     4.57903288     0.18620455     0.19492921  -366.75175973   8.282264E-14
   1.09177021     1.08704498     0.01500000     0.29796239     4.58003181     0.18588760     0.19459715  -366.77681476   1.549871E-13
   1.09195609     1.08723958     0.01500000     0.29796173     4.58102925     0.18557110     0.19426557  -366.80182688   2.062794E-13
   1.09214167     1.08743384     0.01500000     0.29796108     4.58202520     0.18525505     0.19393446  -366.82679615   1.880718E-13
   1.09232692     1.08762778     0.01500000     0.29796042     4.58301968     0.18493945     0.19360382  -366.85172264   1.403322E-13
   1.09251186     1.08782138     0.01500000     0.29795977     4.58401267     0.18462430     0.19327366  -366.87660641   4.884981E-14
   1.09269648     1.08801466     0.01500000     0.29795913     4.58500419     0.18430960     0.19294397  -366.90144752   5.684342E-14
   1.09288079     1.08820760     0.01500000     0.29795848     4.58599422     0.18399536     0.19261475  -366.92624602   1.305622E-13
   1.09306479     1.08840022     0.01500000     0.29795784     4.58698278     0.18368156     0.19228601  -366.95100200   1.334488E-13
   1.09324847     1.08859250     0.01500000     0.29795720     4.58796987     0.18336821     0.19195774  -366.97571549   7.660539E-14
   1.09343184     1.08878446     0.01500000     0.29795656     4.58895548     0.18305531     0.19162994  -367.00038658   2.331468E-15
   1.09361489     1.08897609     0.01500000     0.29795592     4.58993962     0.18274287     0.19130261  -367.02501531   7.016610E-14
   1.09379764     1.08916739     0.01500000     0.29795529     4.59092229     0.18243087     0.19097575  -367.04960176   2.864375E-14
   1.09398007     1.08935837     0.01500000     0.29795466     4.59190349     0.18211931     0.19064936  -367.07414597   8.215650E-14
   1.09416219     1.08954902     0.01500000     0.29795403     4.59288323     0.18180821     0.19032345  -367.09864802   7.460699E-14
   1.09434400     1.08973934     0.01500000     0.29795340     4.59386149     0.18149755     0.18999800  -367.12310797   8.459899E-14
   1.09452549     1.08992934     0.01500000     0.29795278     4.59483829     0.18118734     0.18967302  -367.14752587   8.704149E-14
   1.09470668     1.09011901     0.01500000     0.29795215     4.59581362     0.18087758     0.18934852  -367.17190178   8.082424E-14
   1.09488756     1.09030836     0.01500000     0.29795153     4.59678749     0.18056827     0.18902448  -367.19623578   8.215650E-14
   1.09506813     1.09049738     0.01500000     0.29795092     4.59775990     0.18025940     0.18870091  -367.22052792   8.792966E-14
   1.09524839     1.09068608     0.01500000     0.29795030     4.59873085     0.17995098     0.18837781  -367.24477827   9.992007E-14
   1.09542834     1.09087446     0.01500000     0.29794968     4.59970034     0.17964300     0.18805517  -367.26898687   8.637535E-14
   1.09560798     1.09106252     0.01500000     0.29794907     4.60066837     0.17933547     0.18773301  -367.29315380   8.459899E-14
   1.09578732     1.09125025     0.01500000     0.29794846     4.60163494     0.17902838     0.18741131  -367.31727912   8.149037E-14
   1.09596634     1.09143766     0.01500000     0.29794785     4.60260006     0.17872174     0.18709008  -367.34136289   8.748557E-14
   1.09614507     1.09162475     0.01500000     0.29794725     4.60356373     0.17841554     0.18676931  -367.36540516   9.370282E-14
   1.09632348     1.09181152     0.01500000     0.29794665     4.60452594     0.17810978     0.18644901  -367.38940600   1.096900E-13
   1.09650159     1.09199797     0.01500000     0.29794604     4.60548670     0.17780447     0.18612918  -367.41336547   9.059420E-14
   1.09667940     1.09218410     0.01500000     0.29794544     4.60644601     0.17749960     0.18580981  -367.43728364   1.039169E-13
   1.09685689     1.09236991     0.01500000     0.29794485     4.60740388     0.17719518     0.18549090  -367.46116055   1.443290E-14
   1.09703409     1.09255540     0.01500000     0.29794425     4.60836029     0.17689120     0.18517246  -367.48499628   2.109424E-14
   1.09721098     1.09274057     0.01500000     0.29794366     4.60931526     0.17658765     0.18485449  -367.50879088   8.881784E-15
   1.09738757     1.09292543     0.01500000     0.29794307     4.61026879     0.17628456     0.18453698  -367.53254442   2.775558E-15
   1.09756385     1.09310996     0.01500000     0.29794248     4.61122087     0.17598190     0.18421993  -367.55625695   8.215650E-15
   1.09773984     1.09329418     0.01500000     0.29794189     4.61217151     0.17567968     0.18390334  -367.57992853   3.064216E-14
   1.09791552     1.09347809     0.01500000     0.29794131     4.61312071     0.17537791     0.18358722  -367.60355924   5.040413E-14
   1.09809089     1.09366167     0.01500000     0.29794073     4.61406847     0.17507657     0.18327156  -367.62714911   6.838974E-14
   1.09826597     1.09384495     0.01500000     0.29794014     4.61501480     0.17477567     0.18295636  -367.65069823   7.638334E-14
   1.09844075     1.09402790     0.01500000     0.29793957     4.61595969     0.17447522     0.18264162  -367.67420664   7.172041E-14
   1.09861522     1.09421054     0.01500000     0.29793899     4.61690314     0.17417520     0.18232735  -367.69767441   6.661338E-14
   1.09878940     1.09439287     0.01500000     0.29793841     4.61784516     0.17387562     0.18201353  -367.72110160   5.284662E-14
   1.09896327     1.09457489     0.01500000     0.29793784     4.61878574     0.17357648     0.18170018  -367.74448827   2.065015E-14
   1.09913685     1.09475659     0.01500000     0.29793727     4.61972490     0.17327778     0.18138728  -367.76783447   3.785861E-14
   1.09931013     1.09493797     0.01500000     0.29793670     4.62066262     0.17297952     0.18107484  -367.79114027   4.363176E-14
   1.09948311     1.09511905     0.01500000     0.29793614     4.62159892     0.17268169     0.18076287  -367.81440573   4.640732E-14
   1.09965579     1.09529981     0.01500000     0.29793557     4.62253379     0.17238430     0.18045135  -367.83763091   6.372680E-14
   1.09982817     1.09548026     0.01500000     0.29793501     4.62346724     0.17208735     0.18014029  -367.86081587   9.769963E-15
   1.10000026     1.09566040     0.01500000     0.29793445     4.62439926     0.17179083     0.17982969  -367.88396067   2.930989E-14
   1.10000026     1.09584023     0.01500000     0.29793429     4.61319432     0.33258028     0.02564827  -367.65636448   9.769963E-15
   1.10000026     1.09586588     0.01500000     0.29793429     4.61159846     0.35547202     0.00369701  -367.62388207   9.090062E-12
   1.10000026     1.09586958     0.01500000     0.29793429     4.61136848     0.35877082   5.337181E-04  -367.61919774   5.634138E-09
   1.10000026     1.09587011     0.01500000     0.29793429     4.61133528     0.35924703   7.707072E-05  -367.61852117   7.415008E-09
   1.10000026     1.09587019     0.01500000     0.29793429     4.61133049     0.35931580   1.112970E-05  -367.61842346   7.692312E-09
   1.10000026     1.09587020     0.01500000     0.29793429     4.61132980     0.35932573   1.607238E-06  -367.61840935   7.732778E-09
   1.10000026     1.09587020     0.01500000     0.29793429     4.61132970     0.35932716   2.321032E-07  -367.61840731   7.738630E-09
   1.10000026     1.09587020     0.01500000     0.29793429     4.61132968     0.35932737   3.351518E-08  -367.61840702   7.739480E-09
